2024-04-23T08:48:39.469Z - info: Website generation started at 4:48:39 PM
2024-04-23T08:48:48.391Z - info: Building assets...
2024-04-23T08:49:03.842Z - info: Assets built
2024-04-23T08:49:03.844Z - info: Generating pages...
2024-04-23T08:49:15.440Z - debug:  
2024-04-23T08:49:15.442Z - debug:  
2024-04-23T08:49:15.443Z - debug:  
2024-04-23T08:49:16.512Z - debug:  
2024-04-23T08:49:16.512Z - debug:  
2024-04-23T08:49:16.514Z - debug:  
2024-04-23T08:49:16.514Z - debug:  
2024-04-23T08:49:16.515Z - debug:  
2024-04-23T08:49:16.515Z - debug:  
2024-04-23T08:49:16.516Z - debug:  
2024-04-23T08:49:17.073Z - debug:  
2024-04-23T08:49:17.073Z - debug:  
2024-04-23T08:49:17.073Z - debug:  
2024-04-23T08:49:17.074Z - debug:  
2024-04-23T08:49:17.074Z - debug:  
2024-04-23T08:49:17.074Z - debug:  
2024-04-23T08:49:17.083Z - debug:  
2024-04-23T08:52:35.179Z - debug:  
2024-04-23T08:52:59.085Z - debug:  
2024-04-23T08:52:59.101Z - debug:  
2024-04-23T08:53:17.072Z - info: Pages built
2024-04-23T08:53:17.412Z - info: Site data built
2024-04-23T08:53:17.412Z - info: Website generation complete! Total build time: 277.985s
2024-04-23T15:01:40.953Z - info: Website generation started at 11:01:36 PM
2024-04-23T15:01:44.667Z - info: Building assets...
2024-04-23T15:01:51.441Z - info: Assets built
2024-04-23T15:01:51.442Z - info: Generating pages...
2024-04-23T15:02:00.108Z - debug:  
2024-04-23T15:02:00.108Z - debug:  
2024-04-23T15:02:00.644Z - debug:  
2024-04-23T15:02:00.645Z - debug:  
2024-04-23T15:02:00.645Z - debug:  
2024-04-23T15:02:00.646Z - debug:  
2024-04-23T15:02:00.646Z - debug:  
2024-04-23T15:02:00.646Z - debug:  
2024-04-23T15:02:00.646Z - debug:  
2024-04-23T15:02:00.646Z - debug:  
2024-04-23T15:02:00.646Z - debug:  
2024-04-23T15:02:00.646Z - debug:  
2024-04-23T15:02:00.647Z - debug:  
2024-04-23T15:02:00.647Z - debug:  
2024-04-23T15:02:00.647Z - debug:  
2024-04-23T15:02:01.651Z - debug:  
2024-04-23T15:02:01.651Z - debug:  
